<?xml version="1.0" encoding="UTF-8"?>
<!-- Generated by org.testng.reporters.JUnitReportReporter -->
<testsuite hostname="Dell-Home-laptop" failures="0" tests="1" name="testCases.TC004_TestException_TC2" time="16.633" errors="0" timestamp="2024-11-28T15:55:15 AEST" skipped="0">
  <testcase classname="testCases.TC004_TestException_TC2" name="Verify_add_favorite_food" time="16.633"/>
</testsuite> <!-- testCases.TC004_TestException_TC2 -->
