<?xml version="1.0" encoding="UTF-8"?>
<!-- Generated by org.testng.reporters.JUnitReportReporter -->
<testsuite hostname="Dell-Home-laptop" failures="0" tests="1" name="testCases.TC001_LogInSuccess" time="3.573" errors="0" timestamp="2024-11-27T12:59:24 AEST" skipped="0">
  <testcase classname="testCases.TC001_LogInSuccess" name="Veiry_Login_Success" time="3.573"/>
</testsuite> <!-- testCases.TC001_LogInSuccess -->
