<?xml version="1.0" encoding="UTF-8"?>
<!-- Generated by org.testng.reporters.JUnitReportReporter -->
<testsuite hostname="Dell-Home-laptop" failures="0" tests="1" name="testCases.TC008_DeloitteInterview" time="19.531" errors="0" timestamp="2024-11-29T13:36:40 AEST" skipped="0">
  <testcase classname="testCases.TC008_DeloitteInterview" name="Verify_First_Google_Link_deloitteInterview" time="19.531"/>
</testsuite> <!-- testCases.TC008_DeloitteInterview -->
