<?xml version="1.0" encoding="UTF-8"?>
<!-- Generated by org.testng.reporters.JUnitReportReporter -->
<testsuite hostname="Dell-Home-laptop" failures="0" tests="6" name="testCases.TC003_LoginDataDriven" time="49.866" errors="0" timestamp="2024-11-27T14:16:49 AEST" skipped="0">
  <testcase classname="testCases.TC003_LoginDataDriven" name="Verify_LoginByDataDriven" time="10.686"/>
  <testcase classname="testCases.TC003_LoginDataDriven" name="Verify_LoginByDataDriven" time="2.486"/>
  <testcase classname="testCases.TC003_LoginDataDriven" name="Verify_LoginByDataDriven" time="2.498"/>
  <testcase classname="testCases.TC003_LoginDataDriven" name="Verify_LoginByDataDriven" time="11.767"/>
  <testcase classname="testCases.TC003_LoginDataDriven" name="Verify_LoginByDataDriven" time="11.668"/>
  <testcase classname="testCases.TC003_LoginDataDriven" name="Verify_LoginByDataDriven" time="10.761"/>
</testsuite> <!-- testCases.TC003_LoginDataDriven -->
