<?xml version="1.0" encoding="UTF-8"?>
<!-- Generated by org.testng.reporters.JUnitReportReporter -->
<testsuite hostname="Dell-Home-laptop" failures="0" tests="1" name="testCases.TC002_LogInFail" time="1.834" errors="0" timestamp="2024-11-28T12:07:07 AEST" skipped="0">
  <testcase classname="testCases.TC002_LogInFail" name="Verify_Login_Fail" time="1.834"/>
</testsuite> <!-- testCases.TC002_LogInFail -->
