<?xml version="1.0" encoding="UTF-8"?>
<!-- Generated by org.testng.reporters.JUnitReportReporter -->
<testsuite hostname="Dell-Home-laptop" failures="0" tests="1" name="testCases.TC004_TestException_ElementNotInteractableException" time="16.913" errors="0" timestamp="2024-12-11T09:41:40 AEST" skipped="0">
  <testcase classname="testCases.TC004_TestException_ElementNotInteractableException" name="Verify_ElementNotInteractableException" time="16.913"/>
</testsuite> <!-- testCases.TC004_TestException_ElementNotInteractableException -->
