<?xml version="1.0" encoding="UTF-8"?>
<!-- Generated by org.testng.reporters.JUnitReportReporter -->
<testsuite hostname="Dell-Home-laptop" failures="0" tests="1" name="testCases.TC006_CoursesSubscriptionRadioButtons" time="5.633" errors="0" timestamp="2024-11-28T20:33:26 AEST" skipped="0">
  <testcase classname="testCases.TC006_CoursesSubscriptionRadioButtons" name="Verify_SubscriptionPage_RadioButtons" time="5.633"/>
</testsuite> <!-- testCases.TC006_CoursesSubscriptionRadioButtons -->
