<?xml version="1.0" encoding="UTF-8"?>
<!-- Generated by org.testng.reporters.JUnitReportReporter -->
<testsuite hostname="Dell-Home-laptop" failures="0" tests="1" name="testCases.TC005_PrivacyPolicyLink" time="0.814" errors="0" timestamp="2024-11-28T20:33:26 AEST" skipped="0">
  <testcase classname="testCases.TC005_PrivacyPolicyLink" name="Verify_PrivacyPolicyLink" time="0.814"/>
</testsuite> <!-- testCases.TC005_PrivacyPolicyLink -->
