<?xml version="1.0" encoding="UTF-8"?>
<!-- Generated by org.testng.reporters.JUnitReportReporter -->
<testsuite hostname="Dell-Home-laptop" failures="0" tests="6" name="testCases.TC003_LoginDataDriven" time="50.415" errors="0" timestamp="2024-11-28T12:07:07 AEST" skipped="0">
  <testcase classname="testCases.TC003_LoginDataDriven" name="Verify_LoginByDataDriven" time="10.571"/>
  <testcase classname="testCases.TC003_LoginDataDriven" name="Verify_LoginByDataDriven" time="2.436"/>
  <testcase classname="testCases.TC003_LoginDataDriven" name="Verify_LoginByDataDriven" time="10.675"/>
  <testcase classname="testCases.TC003_LoginDataDriven" name="Verify_LoginByDataDriven" time="11.846"/>
  <testcase classname="testCases.TC003_LoginDataDriven" name="Verify_LoginByDataDriven" time="3.148"/>
  <testcase classname="testCases.TC003_LoginDataDriven" name="Verify_LoginByDataDriven" time="11.739"/>
</testsuite> <!-- testCases.TC003_LoginDataDriven -->
