<?xml version="1.0" encoding="UTF-8"?>
<!-- Generated by org.testng.reporters.JUnitReportReporter -->
<testsuite hostname="Dell-Home-laptop" failures="0" tests="1" name="testCases.TC007_ContactFormValidation" time="4.707" errors="0" timestamp="2024-12-11T09:41:40 AEST" skipped="0">
  <testcase classname="testCases.TC007_ContactFormValidation" name="verify_ContactPage_Fields" time="4.707"/>
</testsuite> <!-- testCases.TC007_ContactFormValidation -->
