<?xml version="1.0" encoding="UTF-8"?>
<!-- Generated by org.testng.reporters.JUnitReportReporter -->
<testsuite hostname="Dell-Home-laptop" failures="0" tests="1" name="testCases.TC002_LogInFail" time="1.985" errors="0" timestamp="2024-12-04T11:41:17 AEST" skipped="0">
  <testcase classname="testCases.TC002_LogInFail" name="Verify_Login_Fail" time="1.985"/>
</testsuite> <!-- testCases.TC002_LogInFail -->
