<?xml version="1.0" encoding="UTF-8"?>
<!-- Generated by org.testng.reporters.JUnitReportReporter -->
<testsuite hostname="Dell-Home-laptop" failures="0" tests="1" name="testCases.TC007_ContactFormValidation" time="4.965" errors="0" timestamp="2024-11-29T11:27:04 AEST" skipped="0">
  <testcase classname="testCases.TC007_ContactFormValidation" name="verify_ContactPage_Fields" time="4.965"/>
</testsuite> <!-- testCases.TC007_ContactFormValidation -->
